<?xml version="1.0" encoding="UTF-8"?>
<!-- Generated by org.testng.reporters.JUnitReportReporter -->
<testsuite skipped="0" hostname="DESKTOP-I811QFH" name="com.Automation.TestCases.LoginTestCRM" tests="1" failures="0" timestamp="09 Jun 2020 05:38:05 GMT" time="3.165" errors="0">
  <testcase name="loginApp" time="3.165" classname="com.Automation.TestCases.LoginTestCRM"/>
</testsuite> <!-- com.Automation.TestCases.LoginTestCRM -->
