<?xml version="1.0" encoding="UTF-8"?>
<!-- Generated by org.testng.reporters.JUnitReportReporter -->
<testsuite skipped="0" hostname="DESKTOP-I811QFH" name="com.Automation.TestCases.TestCaseWithOutFrameWork" tests="1" failures="0" timestamp="16 May 2020 11:37:11 GMT" time="23.894" errors="0">
  <testcase name="test1" time="23.894" classname="com.Automation.TestCases.TestCaseWithOutFrameWork"/>
</testsuite> <!-- com.Automation.TestCases.TestCaseWithOutFrameWork -->
